<?xml version="1.0" encoding="UTF-8"?>
<!-- Generated by org.testng.reporters.JUnitReportReporter -->
<testsuite hostname="DESKTOP-674EVKN" failures="0" tests="8" name="Uncodemy.Demo_EcomWebsite.DemoCart" time="38.622" errors="0" timestamp="2023-10-05T13:21:09 IST" skipped="0">
  <testcase classname="Uncodemy.Demo_EcomWebsite.DemoCart" name="Validation" time="0.092"/>
  <testcase classname="Uncodemy.Demo_EcomWebsite.DemoCart" name="ThirdTestCase" time="8.286"/>
  <testcase classname="Uncodemy.Demo_EcomWebsite.DemoCart" name="SecondTestCase" time="3.491"/>
  <testcase classname="Uncodemy.Demo_EcomWebsite.DemoCart" name="FourthTetCase" time="16.767"/>
  <testcase classname="Uncodemy.Demo_EcomWebsite.DemoCart" name="FifthTestCase" time="2.089"/>
  <testcase classname="Uncodemy.Demo_EcomWebsite.DemoCart" name="SixthTestCase" time="0.781"/>
  <testcase classname="Uncodemy.Demo_EcomWebsite.DemoCart" name="SeventhTestCase" time="3.177"/>
  <testcase classname="Uncodemy.Demo_EcomWebsite.DemoCart" name="EightTestCase" time="3.939"/>
</testsuite> <!-- Uncodemy.Demo_EcomWebsite.DemoCart -->
